This is pdfTeX, Version 3.141592653-2.6-1.40.24 (TeX Live 2022) (preloaded format=pdflatex 2022.12.28)  29 DEC 2022 16:36
entering extended mode
 restricted \write18 enabled.
 %&-line parsing enabled.
**_main.tex
(./_main.tex
LaTeX2e <2022-11-01> patch level 1
L3 programming layer <2022-12-17> (c:/Users/pecqu/AppData/Roaming/TinyTeX/texmf-dist/tex/latex/base/book.cls
Document Class: book 2022/07/02 v1.4n Standard LaTeX document class
(c:/Users/pecqu/AppData/Roaming/TinyTeX/texmf-dist/tex/latex/base/bk10.clo
File: bk10.clo 2022/07/02 v1.4n Standard LaTeX file (size option)
)
\c@part=\count185
\c@chapter=\count186
\c@section=\count187
\c@subsection=\count188
\c@subsubsection=\count189
\c@paragraph=\count190
\c@subparagraph=\count191
\c@figure=\count192
\c@table=\count193
\abovecaptionskip=\skip48
\belowcaptionskip=\skip49
\bibindent=\dimen140
) (c:/Users/pecqu/AppData/Roaming/TinyTeX/texmf-dist/tex/latex/amsmath/amsmath.sty
Package: amsmath 2022/04/08 v2.17n AMS math features
\@mathmargin=\skip50
For additional information on amsmath, use the `?' option.
(c:/Users/pecqu/AppData/Roaming/TinyTeX/texmf-dist/tex/latex/amsmath/amstext.sty
Package: amstext 2021/08/26 v2.01 AMS text
(c:/Users/pecqu/AppData/Roaming/TinyTeX/texmf-dist/tex/latex/amsmath/amsgen.sty
File: amsgen.sty 1999/11/30 v2.0 generic functions
\@emptytoks=\toks16
\ex@=\dimen141
)) (c:/Users/pecqu/AppData/Roaming/TinyTeX/texmf-dist/tex/latex/amsmath/amsbsy.sty
Package: amsbsy 1999/11/29 v1.2d Bold Symbols
\pmbraise@=\dimen142
) (c:/Users/pecqu/AppData/Roaming/TinyTeX/texmf-dist/tex/latex/amsmath/amsopn.sty
Package: amsopn 2022/04/08 v2.04 operator names
)
\inf@bad=\count194
LaTeX Info: Redefining \frac on input line 234.
\uproot@=\count195
\leftroot@=\count196
LaTeX Info: Redefining \overline on input line 399.
LaTeX Info: Redefining \colon on input line 410.
\classnum@=\count197
\DOTSCASE@=\count198
LaTeX Info: Redefining \ldots on input line 496.
LaTeX Info: Redefining \dots on input line 499.
LaTeX Info: Redefining \cdots on input line 620.
\Mathstrutbox@=\box51
\strutbox@=\box52
LaTeX Info: Redefining \big on input line 722.
LaTeX Info: Redefining \Big on input line 723.
LaTeX Info: Redefining \bigg on input line 724.
LaTeX Info: Redefining \Bigg on input line 725.
\big@size=\dimen143
LaTeX Font Info:    Redeclaring font encoding OML on input line 743.
LaTeX Font Info:    Redeclaring font encoding OMS on input line 744.
\macc@depth=\count199
LaTeX Info: Redefining \bmod on input line 905.
LaTeX Info: Redefining \pmod on input line 910.
LaTeX Info: Redefining \smash on input line 940.
LaTeX Info: Redefining \relbar on input line 970.
LaTeX Info: Redefining \Relbar on input line 971.
\c@MaxMatrixCols=\count266
\dotsspace@=\muskip16
\c@parentequation=\count267
\dspbrk@lvl=\count268
\tag@help=\toks17
\row@=\count269
\column@=\count270
\maxfields@=\count271
\andhelp@=\toks18
\eqnshift@=\dimen144
\alignsep@=\dimen145
\tagshift@=\dimen146
\tagwidth@=\dimen147
\totwidth@=\dimen148
\lineht@=\dimen149
\@envbody=\toks19
\multlinegap=\skip51
\multlinetaggap=\skip52
\mathdisplay@stack=\toks20
LaTeX Info: Redefining \[ on input line 2953.
LaTeX Info: Redefining \] on input line 2954.
) (c:/Users/pecqu/AppData/Roaming/TinyTeX/texmf-dist/tex/latex/amsfonts/amssymb.sty
Package: amssymb 2013/01/14 v3.01 AMS font symbols
(c:/Users/pecqu/AppData/Roaming/TinyTeX/texmf-dist/tex/latex/amsfonts/amsfonts.sty
Package: amsfonts 2013/01/14 v3.01 Basic AMSFonts support
\symAMSa=\mathgroup4
\symAMSb=\mathgroup5
LaTeX Font Info:    Redeclaring math symbol \hbar on input line 98.
LaTeX Font Info:    Overwriting math alphabet `\mathfrak' in version `bold'
(Font)                  U/euf/m/n --> U/euf/b/n on input line 106.
)) (c:/Users/pecqu/AppData/Roaming/TinyTeX/texmf-dist/tex/latex/lm/lmodern.sty
Package: lmodern 2015/05/01 v1.6.1 Latin Modern Fonts
LaTeX Font Info:    Overwriting symbol font `operators' in version `normal'
(Font)                  OT1/cmr/m/n --> OT1/lmr/m/n on input line 22.
LaTeX Font Info:    Overwriting symbol font `letters' in version `normal'
(Font)                  OML/cmm/m/it --> OML/lmm/m/it on input line 23.
LaTeX Font Info:    Overwriting symbol font `symbols' in version `normal'
(Font)                  OMS/cmsy/m/n --> OMS/lmsy/m/n on input line 24.
LaTeX Font Info:    Overwriting symbol font `largesymbols' in version `normal'
(Font)                  OMX/cmex/m/n --> OMX/lmex/m/n on input line 25.
LaTeX Font Info:    Overwriting symbol font `operators' in version `bold'
(Font)                  OT1/cmr/bx/n --> OT1/lmr/bx/n on input line 26.
LaTeX Font Info:    Overwriting symbol font `letters' in version `bold'
(Font)                  OML/cmm/b/it --> OML/lmm/b/it on input line 27.
LaTeX Font Info:    Overwriting symbol font `symbols' in version `bold'
(Font)                  OMS/cmsy/b/n --> OMS/lmsy/b/n on input line 28.
LaTeX Font Info:    Overwriting symbol font `largesymbols' in version `bold'
(Font)                  OMX/cmex/m/n --> OMX/lmex/m/n on input line 29.
LaTeX Font Info:    Overwriting math alphabet `\mathbf' in version `normal'
(Font)                  OT1/cmr/bx/n --> OT1/lmr/bx/n on input line 31.
LaTeX Font Info:    Overwriting math alphabet `\mathsf' in version `normal'
(Font)                  OT1/cmss/m/n --> OT1/lmss/m/n on input line 32.
LaTeX Font Info:    Overwriting math alphabet `\mathit' in version `normal'
(Font)                  OT1/cmr/m/it --> OT1/lmr/m/it on input line 33.
LaTeX Font Info:    Overwriting math alphabet `\mathtt' in version `normal'
(Font)                  OT1/cmtt/m/n --> OT1/lmtt/m/n on input line 34.
LaTeX Font Info:    Overwriting math alphabet `\mathbf' in version `bold'
(Font)                  OT1/cmr/bx/n --> OT1/lmr/bx/n on input line 35.
LaTeX Font Info:    Overwriting math alphabet `\mathsf' in version `bold'
(Font)                  OT1/cmss/bx/n --> OT1/lmss/bx/n on input line 36.
LaTeX Font Info:    Overwriting math alphabet `\mathit' in version `bold'
(Font)                  OT1/cmr/bx/it --> OT1/lmr/bx/it on input line 37.
LaTeX Font Info:    Overwriting math alphabet `\mathtt' in version `bold'
(Font)                  OT1/cmtt/m/n --> OT1/lmtt/m/n on input line 38.
) (c:/Users/pecqu/AppData/Roaming/TinyTeX/texmf-dist/tex/generic/iftex/iftex.sty
Package: iftex 2022/02/03 v1.0f TeX engine tests
) (c:/Users/pecqu/AppData/Roaming/TinyTeX/texmf-dist/tex/latex/base/fontenc.sty
Package: fontenc 2021/04/29 v2.0v Standard LaTeX package
LaTeX Font Info:    Trying to load font information for T1+lmr on input line 112.
(c:/Users/pecqu/AppData/Roaming/TinyTeX/texmf-dist/tex/latex/lm/t1lmr.fd
File: t1lmr.fd 2015/05/01 v1.6.1 Font defs for Latin Modern
)) (c:/Users/pecqu/AppData/Roaming/TinyTeX/texmf-dist/tex/latex/base/inputenc.sty
Package: inputenc 2021/02/14 v1.3d Input encoding file
\inpenc@prehook=\toks21
\inpenc@posthook=\toks22
) (c:/Users/pecqu/AppData/Roaming/TinyTeX/texmf-dist/tex/latex/base/textcomp.sty
Package: textcomp 2020/02/02 v2.0n Standard LaTeX package
) (c:/Users/pecqu/AppData/Roaming/TinyTeX/texmf-dist/tex/latex/xcolor/xcolor.sty
Package: xcolor 2022/06/12 v2.14 LaTeX color extensions (UK)
(c:/Users/pecqu/AppData/Roaming/TinyTeX/texmf-dist/tex/latex/graphics-cfg/color.cfg
File: color.cfg 2016/01/02 v1.6 sample color configuration
)
Package xcolor Info: Driver file: pdftex.def on input line 227.
(c:/Users/pecqu/AppData/Roaming/TinyTeX/texmf-dist/tex/latex/graphics-def/pdftex.def
File: pdftex.def 2022/09/22 v1.2b Graphics/color driver for pdftex
) (c:/Users/pecqu/AppData/Roaming/TinyTeX/texmf-dist/tex/latex/graphics/mathcolor.ltx)
Package xcolor Info: Model `cmy' substituted by `cmy0' on input line 1353.
Package xcolor Info: Model `hsb' substituted by `rgb' on input line 1357.
Package xcolor Info: Model `RGB' extended on input line 1369.
Package xcolor Info: Model `HTML' substituted by `rgb' on input line 1371.
Package xcolor Info: Model `Hsb' substituted by `hsb' on input line 1372.
Package xcolor Info: Model `tHsb' substituted by `hsb' on input line 1373.
Package xcolor Info: Model `HSB' substituted by `hsb' on input line 1374.
Package xcolor Info: Model `Gray' substituted by `gray' on input line 1375.
Package xcolor Info: Model `wave' substituted by `hsb' on input line 1376.
) (c:/Users/pecqu/AppData/Roaming/TinyTeX/texmf-dist/tex/latex/tools/longtable.sty
Package: longtable 2021-09-01 v4.17 Multi-page Table package (DPC)
\LTleft=\skip53
\LTright=\skip54
\LTpre=\skip55
\LTpost=\skip56
\LTchunksize=\count272
\LTcapwidth=\dimen150
\LT@head=\box53
\LT@firsthead=\box54
\LT@foot=\box55
\LT@lastfoot=\box56
\LT@gbox=\box57
\LT@cols=\count273
\LT@rows=\count274
\c@LT@tables=\count275
\c@LT@chunks=\count276
\LT@p@ftn=\toks23
) (c:/Users/pecqu/AppData/Roaming/TinyTeX/texmf-dist/tex/latex/booktabs/booktabs.sty
Package: booktabs 2020/01/12 v1.61803398 Publication quality tables
\heavyrulewidth=\dimen151
\lightrulewidth=\dimen152
\cmidrulewidth=\dimen153
\belowrulesep=\dimen154
\belowbottomsep=\dimen155
\aboverulesep=\dimen156
\abovetopsep=\dimen157
\cmidrulesep=\dimen158
\cmidrulekern=\dimen159
\defaultaddspace=\dimen160
\@cmidla=\count277
\@cmidlb=\count278
\@aboverulesep=\dimen161
\@belowrulesep=\dimen162
\@thisruleclass=\count279
\@lastruleclass=\count280
\@thisrulewidth=\dimen163
) (c:/Users/pecqu/AppData/Roaming/TinyTeX/texmf-dist/tex/latex/tools/array.sty
Package: array 2022/09/04 v2.5g Tabular extension package (FMi)
\col@sep=\dimen164
\ar@mcellbox=\box58
\extrarowheight=\dimen165
\NC@list=\toks24
\extratabsurround=\skip57
\backup@length=\skip58
\ar@cellbox=\box59
) (c:/Users/pecqu/AppData/Roaming/TinyTeX/texmf-dist/tex/latex/tools/calc.sty
Package: calc 2017/05/25 v4.3 Infix arithmetic (KKT,FJ)
\calc@Acount=\count281
\calc@Bcount=\count282
\calc@Adimen=\dimen166
\calc@Bdimen=\dimen167
\calc@Askip=\skip59
\calc@Bskip=\skip60
LaTeX Info: Redefining \setlength on input line 80.
LaTeX Info: Redefining \addtolength on input line 81.
\calc@Ccount=\count283
\calc@Cskip=\skip61
) (c:/Users/pecqu/AppData/Roaming/TinyTeX/texmf-dist/tex/latex/etoolbox/etoolbox.sty
Package: etoolbox 2020/10/05 v2.5k e-TeX tools for LaTeX (JAW)
\etb@tempcnta=\count284
) (c:/Users/pecqu/AppData/Roaming/TinyTeX/texmf-dist/tex/latex/mdwtools/footnote.sty
Package: footnote 1997/01/28 1.13 Save footnotes around boxes
\fn@notes=\box60
\fn@width=\dimen168
) (c:/Users/pecqu/AppData/Roaming/TinyTeX/texmf-dist/tex/latex/graphics/graphicx.sty
Package: graphicx 2021/09/16 v1.2d Enhanced LaTeX Graphics (DPC,SPQR)
(c:/Users/pecqu/AppData/Roaming/TinyTeX/texmf-dist/tex/latex/graphics/keyval.sty
Package: keyval 2022/05/29 v1.15 key=value parser (DPC)
\KV@toks@=\toks25
) (c:/Users/pecqu/AppData/Roaming/TinyTeX/texmf-dist/tex/latex/graphics/graphics.sty
Package: graphics 2022/03/10 v1.4e Standard LaTeX Graphics (DPC,SPQR)
(c:/Users/pecqu/AppData/Roaming/TinyTeX/texmf-dist/tex/latex/graphics/trig.sty
Package: trig 2021/08/11 v1.11 sin cos tan (DPC)
) (c:/Users/pecqu/AppData/Roaming/TinyTeX/texmf-dist/tex/latex/graphics-cfg/graphics.cfg
File: graphics.cfg 2016/06/04 v1.11 sample graphics configuration
)
Package graphics Info: Driver file: pdftex.def on input line 107.
)
\Gin@req@height=\dimen169
\Gin@req@width=\dimen170
) (c:/Users/pecqu/AppData/Roaming/TinyTeX/texmf-dist/tex/generic/babel/babel.sty
Package: babel 2022/12/26 3.84 The Babel package
\babel@savecnt=\count285
\U@D=\dimen171
\l@unhyphenated=\language4
(c:/Users/pecqu/AppData/Roaming/TinyTeX/texmf-dist/tex/generic/babel/txtbabel.def)
\bbl@readstream=\read2
\bbl@dirlevel=\count286
(c:/Users/pecqu/AppData/Roaming/TinyTeX/texmf-dist/tex/generic/babel-french/french.ldf
Language: french 2022/11/11 v3.5o French support from the babel system
Package babel Info: Hyphen rules for 'acadian' set to \l@french
(babel)             (\language3). Reported on input line 91.
Package babel Info: Hyphen rules for 'canadien' set to \l@french
(babel)             (\language3). Reported on input line 92.
\FB@nonchar=\count287
Package babel Info: Making : an active character on input line 395.
Package babel Info: Making ; an active character on input line 396.
Package babel Info: Making ! an active character on input line 397.
Package babel Info: Making ? an active character on input line 398.
\FBguill@level=\count288
\FBold@everypar=\toks26
\FB@Mht=\dimen172
\mc@charclass=\count289
\mc@charfam=\count290
\mc@charslot=\count291
\std@mcc=\count292
\dec@mcc=\count293
\listindentFB=\dimen173
\descindentFB=\dimen174
\labelindentFB=\dimen175
\labelwidthFB=\dimen176
\leftmarginFB=\dimen177
\parindentFFN=\dimen178
\FBfnindent=\dimen179
)) (c:/Users/pecqu/AppData/Roaming/TinyTeX/texmf-dist/tex/generic/babel/locale/fr/babel-french.tex
Package babel Info: Importing font and identification data for french
(babel)             from babel-fr.ini. Reported on input line 11.
) (c:/Users/pecqu/AppData/Roaming/TinyTeX/texmf-dist/tex/latex/carlisle/scalefnt.sty) (c:/Users/pecqu/AppData/Roaming/TinyTeX/texmf-dist/tex/latex/hyperref/hyperref.sty
Package: hyperref 2022-11-13 v7.00u Hypertext links for LaTeX
(c:/Users/pecqu/AppData/Roaming/TinyTeX/texmf-dist/tex/generic/ltxcmds/ltxcmds.sty
Package: ltxcmds 2020-05-10 v1.25 LaTeX kernel commands for general use (HO)
) (c:/Users/pecqu/AppData/Roaming/TinyTeX/texmf-dist/tex/generic/pdftexcmds/pdftexcmds.sty
Package: pdftexcmds 2020-06-27 v0.33 Utility functions of pdfTeX for LuaTeX (HO)
(c:/Users/pecqu/AppData/Roaming/TinyTeX/texmf-dist/tex/generic/infwarerr/infwarerr.sty
Package: infwarerr 2019/12/03 v1.5 Providing info/warning/error messages (HO)
)
Package pdftexcmds Info: \pdf@primitive is available.
Package pdftexcmds Info: \pdf@ifprimitive is available.
Package pdftexcmds Info: \pdfdraftmode found.
) (c:/Users/pecqu/AppData/Roaming/TinyTeX/texmf-dist/tex/latex/kvsetkeys/kvsetkeys.sty
Package: kvsetkeys 2022-10-05 v1.19 Key value parser (HO)
) (c:/Users/pecqu/AppData/Roaming/TinyTeX/texmf-dist/tex/generic/kvdefinekeys/kvdefinekeys.sty
Package: kvdefinekeys 2019-12-19 v1.6 Define keys (HO)
) (c:/Users/pecqu/AppData/Roaming/TinyTeX/texmf-dist/tex/generic/pdfescape/pdfescape.sty
Package: pdfescape 2019/12/09 v1.15 Implements pdfTeX's escape features (HO)
) (c:/Users/pecqu/AppData/Roaming/TinyTeX/texmf-dist/tex/latex/hycolor/hycolor.sty
Package: hycolor 2020-01-27 v1.10 Color options for hyperref/bookmark (HO)
) (c:/Users/pecqu/AppData/Roaming/TinyTeX/texmf-dist/tex/latex/letltxmacro/letltxmacro.sty
Package: letltxmacro 2019/12/03 v1.6 Let assignment for LaTeX macros (HO)
) (c:/Users/pecqu/AppData/Roaming/TinyTeX/texmf-dist/tex/latex/auxhook/auxhook.sty
Package: auxhook 2019-12-17 v1.6 Hooks for auxiliary files (HO)
) (c:/Users/pecqu/AppData/Roaming/TinyTeX/texmf-dist/tex/latex/hyperref/nameref.sty
Package: nameref 2022-05-17 v2.50 Cross-referencing by name of section
(c:/Users/pecqu/AppData/Roaming/TinyTeX/texmf-dist/tex/latex/refcount/refcount.sty
Package: refcount 2019/12/15 v3.6 Data extraction from label references (HO)
) (c:/Users/pecqu/AppData/Roaming/TinyTeX/texmf-dist/tex/generic/gettitlestring/gettitlestring.sty
Package: gettitlestring 2019/12/15 v1.6 Cleanup title references (HO)
(c:/Users/pecqu/AppData/Roaming/TinyTeX/texmf-dist/tex/latex/kvoptions/kvoptions.sty
Package: kvoptions 2022-06-15 v3.15 Key value format for package options (HO)
))
\c@section@level=\count294
)
\@linkdim=\dimen180
\Hy@linkcounter=\count295
\Hy@pagecounter=\count296
(c:/Users/pecqu/AppData/Roaming/TinyTeX/texmf-dist/tex/latex/hyperref/pd1enc.def
File: pd1enc.def 2022-11-13 v7.00u Hyperref: PDFDocEncoding definition (HO)
Now handling font encoding PD1 ...
... no UTF-8 mapping file for font encoding PD1
) (c:/Users/pecqu/AppData/Roaming/TinyTeX/texmf-dist/tex/generic/intcalc/intcalc.sty
Package: intcalc 2019/12/15 v1.3 Expandable calculations with integers (HO)
) (c:/Users/pecqu/AppData/Roaming/TinyTeX/texmf-dist/tex/generic/etexcmds/etexcmds.sty
Package: etexcmds 2019/12/15 v1.7 Avoid name clashes with e-TeX commands (HO)
)
\Hy@SavedSpaceFactor=\count297
(c:/Users/pecqu/AppData/Roaming/TinyTeX/texmf-dist/tex/latex/hyperref/puenc.def
File: puenc.def 2022-11-13 v7.00u Hyperref: PDF Unicode definition (HO)
Now handling font encoding PU ...
... no UTF-8 mapping file for font encoding PU
)
Package hyperref Info: Option `unicode' set `true' on input line 4045.
Package hyperref Info: Hyper figures OFF on input line 4162.
Package hyperref Info: Link nesting OFF on input line 4167.
Package hyperref Info: Hyper index ON on input line 4170.
Package hyperref Info: Plain pages OFF on input line 4177.
Package hyperref Info: Backreferencing OFF on input line 4182.
Package hyperref Info: Implicit mode ON; LaTeX internals redefined.
Package hyperref Info: Bookmarks ON on input line 4410.
\c@Hy@tempcnt=\count298
(c:/Users/pecqu/AppData/Roaming/TinyTeX/texmf-dist/tex/latex/url/url.sty
\Urlmuskip=\muskip17
Package: url 2013/09/16  ver 3.4  Verb mode for urls, etc.
)
LaTeX Info: Redefining \url on input line 4748.
\XeTeXLinkMargin=\dimen181
(c:/Users/pecqu/AppData/Roaming/TinyTeX/texmf-dist/tex/generic/bitset/bitset.sty
Package: bitset 2019/12/09 v1.3 Handle bit-vector datatype (HO)
(c:/Users/pecqu/AppData/Roaming/TinyTeX/texmf-dist/tex/generic/bigintcalc/bigintcalc.sty
Package: bigintcalc 2019/12/15 v1.5 Expandable calculations on big integers (HO)
))
\Fld@menulength=\count299
\Field@Width=\dimen182
\Fld@charsize=\dimen183
Package hyperref Info: Hyper figures OFF on input line 6027.
Package hyperref Info: Link nesting OFF on input line 6032.
Package hyperref Info: Hyper index ON on input line 6035.
Package hyperref Info: backreferencing OFF on input line 6042.
Package hyperref Info: Link coloring OFF on input line 6047.
Package hyperref Info: Link coloring with OCG OFF on input line 6052.
Package hyperref Info: PDF/A mode OFF on input line 6057.
(c:/Users/pecqu/AppData/Roaming/TinyTeX/texmf-dist/tex/latex/base/atbegshi-ltx.sty
Package: atbegshi-ltx 2021/01/10 v1.0c Emulation of the original atbegshi
package with kernel methods
)
\Hy@abspage=\count300
\c@Item=\count301
\c@Hfootnote=\count302
)
Package hyperref Info: Driver (autodetected): hpdftex.
(c:/Users/pecqu/AppData/Roaming/TinyTeX/texmf-dist/tex/latex/hyperref/hpdftex.def
File: hpdftex.def 2022-11-13 v7.00u Hyperref driver for pdfTeX
(c:/Users/pecqu/AppData/Roaming/TinyTeX/texmf-dist/tex/latex/base/atveryend-ltx.sty
Package: atveryend-ltx 2020/08/19 v1.0a Emulation of the original atveryend package
with kernel methods
)
\Fld@listcount=\count303
\c@bookmark@seq@number=\count304
(c:/Users/pecqu/AppData/Roaming/TinyTeX/texmf-dist/tex/latex/rerunfilecheck/rerunfilecheck.sty
Package: rerunfilecheck 2022-07-10 v1.10 Rerun checks for auxiliary files (HO)
(c:/Users/pecqu/AppData/Roaming/TinyTeX/texmf-dist/tex/generic/uniquecounter/uniquecounter.sty
Package: uniquecounter 2019/12/15 v1.4 Provide unlimited unique counter (HO)
)
Package uniquecounter Info: New unique counter `rerunfilecheck' on input line 285.
)
\Hy@SectionHShift=\skip62
) (c:/Users/pecqu/AppData/Roaming/TinyTeX/texmf-dist/tex/latex/l3backend/l3backend-pdftex.def
File: l3backend-pdftex.def 2022-10-26 L3 backend support: PDF output (pdfTeX)
\l__color_backend_stack_int=\count305
\l__pdf_internal_box=\box61
) (./_main.aux)
\openout1 = `_main.aux'.

LaTeX Font Info:    Checking defaults for OML/cmm/m/it on input line 81.
LaTeX Font Info:    ... okay on input line 81.
LaTeX Font Info:    Checking defaults for OMS/cmsy/m/n on input line 81.
LaTeX Font Info:    ... okay on input line 81.
LaTeX Font Info:    Checking defaults for OT1/cmr/m/n on input line 81.
LaTeX Font Info:    ... okay on input line 81.
LaTeX Font Info:    Checking defaults for T1/cmr/m/n on input line 81.
LaTeX Font Info:    ... okay on input line 81.
LaTeX Font Info:    Checking defaults for TS1/cmr/m/n on input line 81.
LaTeX Font Info:    ... okay on input line 81.
LaTeX Font Info:    Checking defaults for OMX/cmex/m/n on input line 81.
LaTeX Font Info:    ... okay on input line 81.
LaTeX Font Info:    Checking defaults for U/cmr/m/n on input line 81.
LaTeX Font Info:    ... okay on input line 81.
LaTeX Font Info:    Checking defaults for PD1/pdf/m/n on input line 81.
LaTeX Font Info:    ... okay on input line 81.
LaTeX Font Info:    Checking defaults for PU/pdf/m/n on input line 81.
LaTeX Font Info:    ... okay on input line 81.
(c:/Users/pecqu/AppData/Roaming/TinyTeX/texmf-dist/tex/latex/epstopdf-pkg/epstopdf-base.sty
Package: epstopdf-base 2020-01-24 v2.11 Base part for package epstopdf
Package epstopdf-base Info: Redefining graphics rule for `.eps' on input line 485.
(c:/Users/pecqu/AppData/Roaming/TinyTeX/texmf-dist/tex/latex/latexconfig/epstopdf-sys.cfg
File: epstopdf-sys.cfg 2010/07/13 v1.3 Configuration of (r)epstopdf for TeX Live
))
LaTeX Info: Redefining \degres on input line 81.
LaTeX Info: Redefining \up on input line 81.
Package hyperref Info: Link coloring OFF on input line 81.
(./_main.out) (./_main.out)
\@outlinefile=\write3
\openout3 = `_main.out'.

LaTeX Font Info:    Trying to load font information for OT1+lmr on input line 83.
(c:/Users/pecqu/AppData/Roaming/TinyTeX/texmf-dist/tex/latex/lm/ot1lmr.fd
File: ot1lmr.fd 2015/05/01 v1.6.1 Font defs for Latin Modern
)
LaTeX Font Info:    Trying to load font information for OML+lmm on input line 83.
(c:/Users/pecqu/AppData/Roaming/TinyTeX/texmf-dist/tex/latex/lm/omllmm.fd
File: omllmm.fd 2015/05/01 v1.6.1 Font defs for Latin Modern
)
LaTeX Font Info:    Trying to load font information for OMS+lmsy on input line 83.
(c:/Users/pecqu/AppData/Roaming/TinyTeX/texmf-dist/tex/latex/lm/omslmsy.fd
File: omslmsy.fd 2015/05/01 v1.6.1 Font defs for Latin Modern
)
LaTeX Font Info:    Trying to load font information for OMX+lmex on input line 83.
(c:/Users/pecqu/AppData/Roaming/TinyTeX/texmf-dist/tex/latex/lm/omxlmex.fd
File: omxlmex.fd 2015/05/01 v1.6.1 Font defs for Latin Modern
)
LaTeX Font Info:    External font `lmex10' loaded for size
(Font)              <12> on input line 83.
LaTeX Font Info:    External font `lmex10' loaded for size
(Font)              <8> on input line 83.
LaTeX Font Info:    External font `lmex10' loaded for size
(Font)              <6> on input line 83.
LaTeX Font Info:    Trying to load font information for U+msa on input line 83.
(c:/Users/pecqu/AppData/Roaming/TinyTeX/texmf-dist/tex/latex/amsfonts/umsa.fd
File: umsa.fd 2013/01/14 v3.01 AMS symbols A
)
LaTeX Font Info:    Trying to load font information for U+msb on input line 83.
(c:/Users/pecqu/AppData/Roaming/TinyTeX/texmf-dist/tex/latex/amsfonts/umsb.fd
File: umsb.fd 2013/01/14 v3.01 AMS symbols B
) [1


{c:/Users/pecqu/AppData/Roaming/TinyTeX/texmf-var/fonts/map/pdftex/updmap/pdftex.map}] [2

] (./_main.toc
LaTeX Font Info:    External font `lmex10' loaded for size
(Font)              <10> on input line 3.
LaTeX Font Info:    External font `lmex10' loaded for size
(Font)              <7> on input line 3.
LaTeX Font Info:    External font `lmex10' loaded for size
(Font)              <5> on input line 3.
[3] [4] [5])
\tf@toc=\write4
\openout4 = `_main.toc'.

[6]
Chapitre 1.
[7

] [8] [9

] [10]
Chapitre 2.
<_main_files/figure-latex/unnamed-chunk-2-1.pdf, id=432, 469.755pt x 325.215pt>
File: _main_files/figure-latex/unnamed-chunk-2-1.pdf Graphic file (type pdf)
<use _main_files/figure-latex/unnamed-chunk-2-1.pdf>
Package pdftex.def Info: _main_files/figure-latex/unnamed-chunk-2-1.pdf  used on input line 155.
(pdftex.def)             Requested size: 344.997pt x 238.84406pt.

Underfull \vbox (badness 1975) has occurred while \output is active []

[11

]
<_main_files/figure-latex/unnamed-chunk-3-3.pdf, id=441, 469.755pt x 325.215pt>
File: _main_files/figure-latex/unnamed-chunk-3-3.pdf Graphic file (type pdf)
<use _main_files/figure-latex/unnamed-chunk-3-3.pdf>
Package pdftex.def Info: _main_files/figure-latex/unnamed-chunk-3-3.pdf  used on input line 165.
(pdftex.def)             Requested size: 344.997pt x 238.84406pt.
<_resources/drawings/adsr.pdf, id=442, 1098.1025pt x 941.5175pt>
File: _resources/drawings/adsr.pdf Graphic file (type pdf)
<use _resources/drawings/adsr.pdf>
Package pdftex.def Info: _resources/drawings/adsr.pdf  used on input line 178.
(pdftex.def)             Requested size: 224.24117pt x 192.26529pt.
[12 <./_main_files/figure-latex/unnamed-chunk-2-1.pdf>] [13 <./_main_files/figure-latex/unnamed-chunk-3-3.pdf> <./_resources/drawings/adsr.pdf>]

LaTeX Warning: Command \textdegree invalid in math mode on input line 196.

LaTeX Font Info:    Trying to load font information for TS1+lmr on input line 196.
(c:/Users/pecqu/AppData/Roaming/TinyTeX/texmf-dist/tex/latex/lm/ts1lmr.fd
File: ts1lmr.fd 2015/05/01 v1.6.1 Font defs for Latin Modern
)

LaTeX Warning: Command \textdegree invalid in math mode on input line 196.

<_resources/drawings/mic_dist.pdf, id=533, 278.03876pt x 617.30624pt>
File: _resources/drawings/mic_dist.pdf Graphic file (type pdf)
<use _resources/drawings/mic_dist.pdf>
Package pdftex.def Info: _resources/drawings/mic_dist.pdf  used on input line 212.
(pdftex.def)             Requested size: 86.2505pt x 191.49483pt.
[14] [15 <./_resources/drawings/mic_dist.pdf>]
<_resources/drawings/spectre.pdf, id=557, 1560.83125pt x 437.635pt>
File: _resources/drawings/spectre.pdf Graphic file (type pdf)
<use _resources/drawings/spectre.pdf>
Package pdftex.def Info: _resources/drawings/spectre.pdf  used on input line 241.
(pdftex.def)             Requested size: 344.97963pt x 96.7274pt.
[16 <./_resources/drawings/spectre.pdf>]
<_resources/diagrams/Courbes_isosonie.png, id=566, 844.756pt x 597.432pt>
File: _resources/diagrams/Courbes_isosonie.png Graphic file (type png)
<use _resources/diagrams/Courbes_isosonie.png>
Package pdftex.def Info: _resources/diagrams/Courbes_isosonie.png  used on input line 295.
(pdftex.def)             Requested size: 344.99876pt x 243.99152pt.
[17]
<_resources/drawings/delta_t.pdf, id=576, 1028.84375pt x 655.44875pt>
File: _resources/drawings/delta_t.pdf Graphic file (type pdf)
<use _resources/drawings/delta_t.pdf>
Package pdftex.def Info: _resources/drawings/delta_t.pdf  used on input line 329.
(pdftex.def)             Requested size: 344.9984pt x 219.78922pt.
[18 <./_resources/diagrams/Courbes_isosonie.png>] [19 <./_resources/drawings/delta_t.pdf>] [20]
Chapitre 3.
<_resources/drawings/reverb.pdf, id=596, 1164.35pt x 695.59875pt>
File: _resources/drawings/reverb.pdf Graphic file (type pdf)
<use _resources/drawings/reverb.pdf>
Package pdftex.def Info: _resources/drawings/reverb.pdf  used on input line 373.
(pdftex.def)             Requested size: 344.99043pt x 206.10204pt.
[21

] [22 <./_resources/drawings/reverb.pdf>] [23]
<_main_files/figure-latex/unnamed-chunk-11-1.pdf, id=622, 469.755pt x 325.215pt>
File: _main_files/figure-latex/unnamed-chunk-11-1.pdf Graphic file (type pdf)
<use _main_files/figure-latex/unnamed-chunk-11-1.pdf>
Package pdftex.def Info: _main_files/figure-latex/unnamed-chunk-11-1.pdf  used on input line 453.
(pdftex.def)             Requested size: 344.997pt x 238.84406pt.

Underfull \vbox (badness 4699) has occurred while \output is active []

[24]
<_resources/drawings/roomPr.pdf, id=629, 1062.97125pt x 1019.81pt>
File: _resources/drawings/roomPr.pdf Graphic file (type pdf)
<use _resources/drawings/roomPr.pdf>
Package pdftex.def Info: _resources/drawings/roomPr.pdf  used on input line 465.
(pdftex.def)             Requested size: 345.00742pt x 330.99861pt.
[25 <./_main_files/figure-latex/unnamed-chunk-11-1.pdf>] [26 <./_resources/drawings/roomPr.pdf>]
<_main_files/figure-latex/unnamed-chunk-13-1.pdf, id=681, 469.755pt x 325.215pt>
File: _main_files/figure-latex/unnamed-chunk-13-1.pdf Graphic file (type pdf)
<use _main_files/figure-latex/unnamed-chunk-13-1.pdf>
Package pdftex.def Info: _main_files/figure-latex/unnamed-chunk-13-1.pdf  used on input line 488.
(pdftex.def)             Requested size: 344.997pt x 238.84406pt.
[27 <./_main_files/figure-latex/unnamed-chunk-13-1.pdf>] [28] [29] [30

]
Chapitre 4.
[31] [32]
<_resources/diagrams/resistor.pdf, id=763, 1445.4pt x 722.7pt>
File: _resources/diagrams/resistor.pdf Graphic file (type pdf)
<use _resources/diagrams/resistor.pdf>
Package pdftex.def Info: _resources/diagrams/resistor.pdf  used on input line 618.
(pdftex.def)             Requested size: 86.23505pt x 43.11752pt.
<_resources/diagrams/resistor_sym.pdf, id=764, 35.13126pt x 7.02625pt>
File: _resources/diagrams/resistor_sym.pdf Graphic file (type pdf)
<use _resources/diagrams/resistor_sym.pdf>
Package pdftex.def Info: _resources/diagrams/resistor_sym.pdf  used on input line 618.
(pdftex.def)             Requested size: 35.13275pt x 7.02654pt.
<_resources/diagrams/capa.pdf, id=765, 508.90125pt x 419.5675pt>
File: _resources/diagrams/capa.pdf Graphic file (type pdf)
<use _resources/diagrams/capa.pdf>
Package pdftex.def Info: _resources/diagrams/capa.pdf  used on input line 624.
(pdftex.def)             Requested size: 86.24805pt x 71.10785pt.
<_resources/diagrams/capa_sym.pdf, id=766, 47.17625pt x 14.0525pt>
File: _resources/diagrams/capa_sym.pdf Graphic file (type pdf)
<use _resources/diagrams/capa_sym.pdf>
Package pdftex.def Info: _resources/diagrams/capa_sym.pdf  used on input line 624.
(pdftex.def)             Requested size: 47.17827pt x 14.0531pt.
[33 <./_resources/diagrams/resistor.pdf> <./_resources/diagrams/resistor_sym.pdf

pdfTeX warning: pdflatex.exe (file ./_resources/diagrams/resistor_sym.pdf): PDF inclusion: multiple pdfs with page group included in a single page
>]
<_resources/diagrams/inductor_sym.pdf, id=779, 47.17625pt x 6.0225pt>
File: _resources/diagrams/inductor_sym.pdf Graphic file (type pdf)
<use _resources/diagrams/inductor_sym.pdf>
Package pdftex.def Info: _resources/diagrams/inductor_sym.pdf  used on input line 643.
(pdftex.def)             Requested size: 47.17612pt x 6.02248pt.
[34 <./_resources/diagrams/capa.pdf> <./_resources/diagrams/capa_sym.pdf

pdfTeX warning: pdflatex.exe (file ./_resources/diagrams/capa_sym.pdf): PDF inclusion: multiple pdfs with page group included in a single page
> <./_resources/diagrams/inductor_sym.pdf

pdfTeX warning: pdflatex.exe (file ./_resources/diagrams/inductor_sym.pdf): PDF inclusion: multiple pdfs with page group included in a single page
>]
<_resources/bitmap/elec/tube.jpg, id=790, 602.25pt x 602.25pt>
File: _resources/bitmap/elec/tube.jpg Graphic file (type jpg)
<use _resources/bitmap/elec/tube.jpg>
Package pdftex.def Info: _resources/bitmap/elec/tube.jpg  used on input line 671.
(pdftex.def)             Requested size: 86.24423pt x 86.24423pt.
<_resources/bitmap/elec/transistor.jpg, id=791, 602.25pt x 602.25pt>
File: _resources/bitmap/elec/transistor.jpg Graphic file (type jpg)
<use _resources/bitmap/elec/transistor.jpg>
Package pdftex.def Info: _resources/bitmap/elec/transistor.jpg  used on input line 671.
(pdftex.def)             Requested size: 86.24423pt x 86.24423pt.
<_resources/bitmap/elec/ic.jpg, id=792, 778.6838pt x 814.30986pt>
File: _resources/bitmap/elec/ic.jpg Graphic file (type jpg)
<use _resources/bitmap/elec/ic.jpg>
Package pdftex.def Info: _resources/bitmap/elec/ic.jpg  used on input line 671.
(pdftex.def)             Requested size: 86.24956pt x 90.19562pt.
[35 <./_resources/bitmap/elec/tube.jpg> <./_resources/bitmap/elec/transistor.jpg> <./_resources/bitmap/elec/ic.jpg>]
<_resources/diagrams/impedance.pdf, id=800, 320.19624pt x 199.74625pt>
File: _resources/diagrams/impedance.pdf Graphic file (type pdf)
<use _resources/diagrams/impedance.pdf>
Package pdftex.def Info: _resources/diagrams/impedance.pdf  used on input line 693.
(pdftex.def)             Requested size: 320.20033pt x 199.7488pt.

Underfull \vbox (badness 10000) has occurred while \output is active []

[36]
Overfull \hbox (12.49965pt too wide) has occurred while \output is active
\T1/lmr/m/sl/10 4.3.  L'INFLUENCE DE L'IMPÉDANCE ENTRE DIFFÉRENTS APPAREILS. \T1/lmr/m/n/10 37
 []

[37 <./_resources/diagrams/impedance.pdf>] [38

]
Chapitre 5.
<_resources/diagrams/productionSonore.pdf, id=836, 703.62875pt x 593.21625pt>
File: _resources/diagrams/productionSonore.pdf Graphic file (type pdf)
<use _resources/diagrams/productionSonore.pdf>
Package pdftex.def Info: _resources/diagrams/productionSonore.pdf  used on input line 728.
(pdftex.def)             Requested size: 275.99237pt x 232.684pt.
[39] [40 <./_resources/diagrams/productionSonore.pdf>] [41] [42] [43

] [44]
Chapitre 6.
<_resources/diagrams/cheminSignal.pdf, id=883, 725.71124pt x 385.44pt>
File: _resources/diagrams/cheminSignal.pdf Graphic file (type pdf)
<use _resources/diagrams/cheminSignal.pdf>
Package pdftex.def Info: _resources/diagrams/cheminSignal.pdf  used on input line 795.
(pdftex.def)             Requested size: 345.00433pt x 183.23882pt.
[45

 <./_resources/diagrams/cheminSignal.pdf>] [46]
Chapitre 7.
[47

]
<_resources/bitmap/mic/u87.jpg, id=917, 2509.375pt x 2509.375pt>
File: _resources/bitmap/mic/u87.jpg Graphic file (type jpg)
<use _resources/bitmap/mic/u87.jpg>
Package pdftex.def Info: _resources/bitmap/mic/u87.jpg  used on input line 878.
(pdftex.def)             Requested size: 113.83595pt x 113.83595pt.
<_resources/bitmap/mic/cmc64.jpg, id=918, 1284.8pt x 1284.8pt>
File: _resources/bitmap/mic/cmc64.jpg Graphic file (type jpg)
<use _resources/bitmap/mic/cmc64.jpg>
Package pdftex.def Info: _resources/bitmap/mic/cmc64.jpg  used on input line 878.
(pdftex.def)             Requested size: 113.843pt x 113.843pt.
<_resources/bitmap/mic/cm4.jpg, id=919, 602.25pt x 602.25pt>
File: _resources/bitmap/mic/cm4.jpg Graphic file (type jpg)
<use _resources/bitmap/mic/cm4.jpg>
Package pdftex.def Info: _resources/bitmap/mic/cm4.jpg  used on input line 878.
(pdftex.def)             Requested size: 113.84973pt x 113.84973pt.
[48] [49 <./_resources/bitmap/mic/u87.jpg> <./_resources/bitmap/mic/cmc64.jpg> <./_resources/bitmap/mic/cm4.jpg>]
<_resources/bitmap/mic/r121.jpg, id=933, 1284.8pt x 1284.8pt>
File: _resources/bitmap/mic/r121.jpg Graphic file (type jpg)
<use _resources/bitmap/mic/r121.jpg>
Package pdftex.def Info: _resources/bitmap/mic/r121.jpg  used on input line 900.
(pdftex.def)             Requested size: 113.843pt x 113.843pt.
<_resources/bitmap/mic/vinjet.jpg, id=934, 675.52374pt x 675.52374pt>
File: _resources/bitmap/mic/vinjet.jpg Graphic file (type jpg)
<use _resources/bitmap/mic/vinjet.jpg>
Package pdftex.def Info: _resources/bitmap/mic/vinjet.jpg  used on input line 900.
(pdftex.def)             Requested size: 113.84798pt x 113.84798pt.
<_resources/bitmap/mic/coles.jpg, id=935, 2509.375pt x 2509.375pt>
File: _resources/bitmap/mic/coles.jpg Graphic file (type jpg)
<use _resources/bitmap/mic/coles.jpg>
Package pdftex.def Info: _resources/bitmap/mic/coles.jpg  used on input line 900.
(pdftex.def)             Requested size: 113.83595pt x 113.83595pt.
<_resources/bitmap/mic/sm57.jpg, id=936, 963.6pt x 963.6pt>
File: _resources/bitmap/mic/sm57.jpg Graphic file (type jpg)
<use _resources/bitmap/mic/sm57.jpg>
Package pdftex.def Info: _resources/bitmap/mic/sm57.jpg  used on input line 918.
(pdftex.def)             Requested size: 113.8479pt x 113.8479pt.
<_resources/bitmap/mic/re20.jpg, id=937, 1129.21875pt x 1129.21875pt>
File: _resources/bitmap/mic/re20.jpg Graphic file (type jpg)
<use _resources/bitmap/mic/re20.jpg>
Package pdftex.def Info: _resources/bitmap/mic/re20.jpg  used on input line 918.
(pdftex.def)             Requested size: 113.8417pt x 113.8417pt.
<_resources/bitmap/mic/md441.jpg, id=938, 963.6pt x 963.6pt>
File: _resources/bitmap/mic/md441.jpg Graphic file (type jpg)
<use _resources/bitmap/mic/md441.jpg>
Package pdftex.def Info: _resources/bitmap/mic/md441.jpg  used on input line 918.
(pdftex.def)             Requested size: 113.8479pt x 113.8479pt.
[50 <./_resources/bitmap/mic/r121.jpg> <./_resources/bitmap/mic/vinjet.jpg> <./_resources/bitmap/mic/coles.jpg>] [51 <./_resources/bitmap/mic/sm57.jpg> <./_resources/bitmap/mic/re20.jpg> <./_resources/bitmap/mic/md441.jpg>]
<_resources/plotly/test.pdf, id=955, 702.625pt x 501.875pt>
File: _resources/plotly/test.pdf Graphic file (type pdf)
<use _resources/plotly/test.pdf>
Package pdftex.def Info: _resources/plotly/test.pdf  used on input line 966.
(pdftex.def)             Requested size: 345.00758pt x 246.43398pt.

Underfull \vbox (badness 6268) has occurred while \output is active []

[52] [53 <./_resources/plotly/test.pdf>] [54]

LaTeX Warning: Command \` invalid in math mode on input line 1011.

<_resources/diagrams/Polar-pattern-U-87-Ai-omni.pdf, id=985, 136.51pt x 139.52126pt>
File: _resources/diagrams/Polar-pattern-U-87-Ai-omni.pdf Graphic file (type pdf)
<use _resources/diagrams/Polar-pattern-U-87-Ai-omni.pdf>
Package pdftex.def Info: _resources/diagrams/Polar-pattern-U-87-Ai-omni.pdf  used on input line 1015.
(pdftex.def)             Requested size: 113.85107pt x 116.3625pt.
<_resources/diagrams/Polar-pattern-U-87-Ai-cardioid.pdf, id=986, 136.51pt x 139.52126pt>
File: _resources/diagrams/Polar-pattern-U-87-Ai-cardioid.pdf Graphic file (type pdf)
<use _resources/diagrams/Polar-pattern-U-87-Ai-cardioid.pdf>
Package pdftex.def Info: _resources/diagrams/Polar-pattern-U-87-Ai-cardioid.pdf  used on input line 1015.
(pdftex.def)             Requested size: 113.85107pt x 116.3625pt.
<_resources/diagrams/Polar-pattern-U-87-Ai-figure8.pdf, id=987, 136.51pt x 139.52126pt>
File: _resources/diagrams/Polar-pattern-U-87-Ai-figure8.pdf Graphic file (type pdf)
<use _resources/diagrams/Polar-pattern-U-87-Ai-figure8.pdf>
Package pdftex.def Info: _resources/diagrams/Polar-pattern-U-87-Ai-figure8.pdf  used on input line 1015.
(pdftex.def)             Requested size: 113.85107pt x 116.3625pt.
<_resources/diagrams/Frequency-diagram-U-87-Ai-omni.pdf, id=988, 162.6075pt x 46.1725pt>
File: _resources/diagrams/Frequency-diagram-U-87-Ai-omni.pdf Graphic file (type pdf)
<use _resources/diagrams/Frequency-diagram-U-87-Ai-omni.pdf>
Package pdftex.def Info: _resources/diagrams/Frequency-diagram-U-87-Ai-omni.pdf  used on input line 1029.
(pdftex.def)             Requested size: 162.6071pt x 46.17236pt.
<_resources/diagrams/Frequency-diagram-U-87-Ai-cardioid.pdf, id=989, 162.6075pt x 46.1725pt>
File: _resources/diagrams/Frequency-diagram-U-87-Ai-cardioid.pdf Graphic file (type pdf)
<use _resources/diagrams/Frequency-diagram-U-87-Ai-cardioid.pdf>
Package pdftex.def Info: _resources/diagrams/Frequency-diagram-U-87-Ai-cardioid.pdf  used on input line 1037.
(pdftex.def)             Requested size: 162.6071pt x 46.17236pt.
<_resources/diagrams/Frequency-diagram-U-87-Ai-figure8.pdf, id=990, 162.6075pt x 46.1725pt>
File: _resources/diagrams/Frequency-diagram-U-87-Ai-figure8.pdf Graphic file (type pdf)
<use _resources/diagrams/Frequency-diagram-U-87-Ai-figure8.pdf>
Package pdftex.def Info: _resources/diagrams/Frequency-diagram-U-87-Ai-figure8.pdf  used on input line 1045.
(pdftex.def)             Requested size: 162.6071pt x 46.17236pt.
[55 <./_resources/diagrams/Polar-pattern-U-87-Ai-omni.pdf> <./_resources/diagrams/Polar-pattern-U-87-Ai-cardioid.pdf

pdfTeX warning: pdflatex.exe (file ./_resources/diagrams/Polar-pattern-U-87-Ai-cardioid.pdf): PDF inclusion: multiple pdfs with page group included in a single page
> <./_resources/diagrams/Polar-pattern-U-87-Ai-figure8.pdf

pdfTeX warning: pdflatex.exe (file ./_resources/diagrams/Polar-pattern-U-87-Ai-figure8.pdf): PDF inclusion: multiple pdfs with page group included in a single page
>] [56 <./_resources/diagrams/Frequency-diagram-U-87-Ai-omni.pdf> <./_resources/diagrams/Frequency-diagram-U-87-Ai-cardioid.pdf

pdfTeX warning: pdflatex.exe (file ./_resources/diagrams/Frequency-diagram-U-87-Ai-cardioid.pdf): PDF inclusion: multiple pdfs with page group included in a single page
> <./_resources/diagrams/Frequency-diagram-U-87-Ai-figure8.pdf

pdfTeX warning: pdflatex.exe (file ./_resources/diagrams/Frequency-diagram-U-87-Ai-figure8.pdf): PDF inclusion: multiple pdfs with page group included in a single page
>]
Chapitre 8.
<_resources/drawings/cable.pdf, id=1016, 574.145pt x 624.3325pt>
File: _resources/drawings/cable.pdf Graphic file (type pdf)
<use _resources/drawings/cable.pdf>
Package pdftex.def Info: _resources/drawings/cable.pdf  used on input line 1084.
(pdftex.def)             Requested size: 206.99866pt x 225.09296pt.
[57

] [58 <./_resources/drawings/cable.pdf>]
<_resources/bitmap/plug/jackTs.jpg, id=1031, 803.0pt x 602.25pt>
File: _resources/bitmap/plug/jackTs.jpg Graphic file (type jpg)
<use _resources/bitmap/plug/jackTs.jpg>
Package pdftex.def Info: _resources/bitmap/plug/jackTs.jpg  used on input line 1125.
(pdftex.def)             Requested size: 68.99539pt x 51.74654pt.
<_resources/bitmap/plug/jackTrs.jpg, id=1032, 569.12625pt x 501.875pt>
File: _resources/bitmap/plug/jackTrs.jpg Graphic file (type jpg)
<use _resources/bitmap/plug/jackTrs.jpg>
Package pdftex.def Info: _resources/bitmap/plug/jackTrs.jpg  used on input line 1125.
(pdftex.def)             Requested size: 68.99562pt x 60.8427pt.
<_resources/bitmap/plug/jackBantam.jpg, id=1033, 399.4925pt x 426.59375pt>
File: _resources/bitmap/plug/jackBantam.jpg Graphic file (type jpg)
<use _resources/bitmap/plug/jackBantam.jpg>
Package pdftex.def Info: _resources/bitmap/plug/jackBantam.jpg  used on input line 1125.
(pdftex.def)             Requested size: 68.99786pt x 73.67862pt.
<_resources/bitmap/plug/xlr.jpg, id=1034, 1593.955pt x 1302.8675pt>
File: _resources/bitmap/plug/xlr.jpg Graphic file (type jpg)
<use _resources/bitmap/plug/xlr.jpg>
Package pdftex.def Info: _resources/bitmap/plug/xlr.jpg  used on input line 1125.
(pdftex.def)             Requested size: 68.97652pt x 56.38005pt.
<_resources/bitmap/plug/subd25.jpg, id=1035, 1203.7472pt x 805.50937pt>
File: _resources/bitmap/plug/subd25.jpg Graphic file (type jpg)
<use _resources/bitmap/plug/subd25.jpg>
Package pdftex.def Info: _resources/bitmap/plug/subd25.jpg  used on input line 1125.
(pdftex.def)             Requested size: 68.989pt x 46.16524pt.
[59] [60 <./_resources/bitmap/plug/jackTs.jpg> <./_resources/bitmap/plug/jackTrs.jpg> <./_resources/bitmap/plug/jackBantam.jpg> <./_resources/bitmap/plug/xlr.jpg> <./_resources/bitmap/plug/subd25.jpg>] [61] [62

]
Chapitre 9.
[63] [64]
Chapitre 10.
[65

] [66] [67] [68]
Chapitre 11.
<_main_files/figure-latex/unnamed-chunk-31-1.pdf, id=1111, 469.755pt x 325.215pt>
File: _main_files/figure-latex/unnamed-chunk-31-1.pdf Graphic file (type pdf)
<use _main_files/figure-latex/unnamed-chunk-31-1.pdf>
Package pdftex.def Info: _main_files/figure-latex/unnamed-chunk-31-1.pdf  used on input line 1315.
(pdftex.def)             Requested size: 344.997pt x 238.84406pt.
[69

] [70 <./_main_files/figure-latex/unnamed-chunk-31-1.pdf>]
<_resources/bitmap/plug/toslink.jpg, id=1150, 1003.75pt x 1003.75pt>
File: _resources/bitmap/plug/toslink.jpg Graphic file (type jpg)
<use _resources/bitmap/plug/toslink.jpg>
Package pdftex.def Info: _resources/bitmap/plug/toslink.jpg  used on input line 1345.
(pdftex.def)             Requested size: 103.49002pt x 103.49002pt.
<_resources/bitmap/plug/fibre.jpg, id=1151, 475.7775pt x 356.33125pt>
File: _resources/bitmap/plug/fibre.jpg Graphic file (type jpg)
<use _resources/bitmap/plug/fibre.jpg>
Package pdftex.def Info: _resources/bitmap/plug/fibre.jpg  used on input line 1361.
(pdftex.def)             Requested size: 103.49529pt x 77.51228pt.
<_resources/bitmap/plug/bnc.jpg, id=1152, 2007.5pt x 2007.5pt>
File: _resources/bitmap/plug/bnc.jpg Graphic file (type jpg)
<use _resources/bitmap/plug/bnc.jpg>
Package pdftex.def Info: _resources/bitmap/plug/bnc.jpg  used on input line 1361.
(pdftex.def)             Requested size: 103.4747pt x 103.4747pt.
[71 <./_resources/bitmap/plug/toslink.jpg>] [72 <./_resources/bitmap/plug/fibre.jpg> <./_resources/bitmap/plug/bnc.jpg>]
Chapitre 12.

Underfull \vbox (badness 10000) has occurred while \output is active []

[73

] [74]
Chapitre 13.
<_resources/bitmap/speaker/woofer.png, id=1205, 281.853pt x 385.44pt>
File: _resources/bitmap/speaker/woofer.png Graphic file (type png)
<use _resources/bitmap/speaker/woofer.png>
Package pdftex.def Info: _resources/bitmap/speaker/woofer.png  used on input line 1444.
(pdftex.def)             Requested size: 86.24673pt x 117.94424pt.
<_resources/bitmap/speaker/midrange.png, id=1206, 314.776pt x 385.44pt>
File: _resources/bitmap/speaker/midrange.png Graphic file (type png)
<use _resources/bitmap/speaker/midrange.png>
Package pdftex.def Info: _resources/bitmap/speaker/midrange.png  used on input line 1444.
(pdftex.def)             Requested size: 86.24905pt x 105.6111pt.
<_resources/bitmap/speaker/tweeter.png, id=1207, 274.626pt x 385.44pt>
File: _resources/bitmap/speaker/tweeter.png Graphic file (type png)
<use _resources/bitmap/speaker/tweeter.png>
Package pdftex.def Info: _resources/bitmap/speaker/tweeter.png  used on input line 1444.
(pdftex.def)             Requested size: 86.24783pt x 121.04959pt.
[75

] [76 <./_resources/bitmap/speaker/woofer.png> <./_resources/bitmap/speaker/midrange.png> <./_resources/bitmap/speaker/tweeter.png>] [77] [78] [79] [80] [81

] [82]
Chapitre 14.
[83

] [84

]
Chapitre 15.
[85] [86] [87] [88]
<_resources/171f157be4749ac8446dd9bdfff0625b.png, id=1315, 301.125pt x 565.11125pt>
File: _resources/171f157be4749ac8446dd9bdfff0625b.png Graphic file (type png)
<use _resources/171f157be4749ac8446dd9bdfff0625b.png>
Package pdftex.def Info: _resources/171f157be4749ac8446dd9bdfff0625b.png  used on input line 1738.
(pdftex.def)             Requested size: 138.00455pt x 258.98856pt.
[89] [90 <./_resources/171f157be4749ac8446dd9bdfff0625b.png>]
Overfull \hbox (13.32883pt too wide) has occurred while \output is active
\T1/lmr/m/sl/10 15.4.  COMPLÉTER UNE PRISE DE SON AU COUPLE PAR DES APPOINTS \T1/lmr/m/n/10 91
 []

[91] [92

]
Chapitre 16.
[93]
Underfull \hbox (badness 1057) in paragraph at lines 1820--1821
[]\T1/lmr/m/n/10 L'acoustique de la salle d'en-re-gis-tre-ment est-elle aussi plus sou-vent une
 []

[94] [95] [96] [97] [98

]
Chapitre 17.
[99] [100] (./_main.aux)
Package rerunfilecheck Info: File `_main.out' has not changed.
(rerunfilecheck)             Checksum: 73893C945644C4E4ED210C6ECD40EA55;15218.
 ) 
Here is how much of TeX's memory you used:
 13692 strings out of 478033
 232681 string characters out of 5838348
 1859787 words of memory out of 5000000
 33133 multiletter control sequences out of 15000+600000
 580046 words of font info for 78 fonts, out of 8000000 for 9000
 14 hyphenation exceptions out of 8191
 72i,6n,77p,1130b,726s stack positions out of 10000i,1000n,20000p,200000b,200000s
{c:/Users/pecqu/AppData/Roaming/TinyTeX/texmf-dist/fonts/enc/dvips/lm/lm-mathit.enc}{c:/Users/pecqu/AppData/Roaming/TinyTeX/texmf-dist/fonts/enc/dvips/lm/lm-rm.enc}{c:/Users/pecqu/AppData/Roaming/TinyTeX/texmf-dist/fonts/enc/dvips/lm/lm-ts1.enc}{c:/Users/pecqu/AppData/Roaming/TinyTeX/texmf-dist/fonts/enc/dvips/lm/lm-mathex.enc}{c:/Users/pecqu/AppData/Roaming/TinyTeX/texmf-dist/fonts/enc/dvips/lm/lm-mathsy.enc}{c:/Users/pecqu/AppData/Roaming/TinyTeX/texmf-dist/fonts/enc/dvips/lm/lm-ec.enc}<c:/Users/pecqu/AppData/Roaming/TinyTeX/texmf-dist/fonts/type1/public/lm/lmbx10.pfb><c:/Users/pecqu/AppData/Roaming/TinyTeX/texmf-dist/fonts/type1/public/lm/lmbx12.pfb><c:/Users/pecqu/AppData/Roaming/TinyTeX/texmf-dist/fonts/type1/public/lm/lmcsc10.pfb><c:/Users/pecqu/AppData/Roaming/TinyTeX/texmf-dist/fonts/type1/public/lm/lmex10.pfb><c:/Users/pecqu/AppData/Roaming/TinyTeX/texmf-dist/fonts/type1/public/lm/lmmi10.pfb><c:/Users/pecqu/AppData/Roaming/TinyTeX/texmf-dist/fonts/type1/public/lm/lmmi12.pfb><c:/Users/pecqu/AppData/Roaming/TinyTeX/texmf-dist/fonts/type1/public/lm/lmmi5.pfb><c:/Users/pecqu/AppData/Roaming/TinyTeX/texmf-dist/fonts/type1/public/lm/lmmi7.pfb><c:/Users/pecqu/AppData/Roaming/TinyTeX/texmf-dist/fonts/type1/public/lm/lmr10.pfb><c:/Users/pecqu/AppData/Roaming/TinyTeX/texmf-dist/fonts/type1/public/lm/lmr12.pfb><c:/Users/pecqu/AppData/Roaming/TinyTeX/texmf-dist/fonts/type1/public/lm/lmr17.pfb><c:/Users/pecqu/AppData/Roaming/TinyTeX/texmf-dist/fonts/type1/public/lm/lmr7.pfb><c:/Users/pecqu/AppData/Roaming/TinyTeX/texmf-dist/fonts/type1/public/lm/lmri10.pfb><c:/Users/pecqu/AppData/Roaming/TinyTeX/texmf-dist/fonts/type1/public/lm/lmro10.pfb><c:/Users/pecqu/AppData/Roaming/TinyTeX/texmf-dist/fonts/type1/public/lm/lmsy10.pfb><c:/Users/pecqu/AppData/Roaming/TinyTeX/texmf-dist/fonts/type1/public/lm/lmsy7.pfb>
Output written on _main.pdf (100 pages, 3567603 bytes).
PDF statistics:
 1572 PDF objects out of 1728 (max. 8388607)
 1193 compressed objects within 12 object streams
 424 named destinations out of 1000 (max. 500000)
 853 words of extra memory for PDF output out of 10000 (max. 10000000)

